!SESSION 2014-01-12 02:03:01.929 -----------------------------------------------
eclipse.buildId=unknown
java.version=1.7.0_01
java.vendor=Oracle Corporation
BootLoader constants: OS=win32, ARCH=x86_64, WS=win32, NL=fr_FR
Command-line arguments:  -console

!ENTRY org.eclipse.osgi 4 0 2014-01-12 02:03:02.348
!MESSAGE The -clean (osgi.clean) option was not successful. Unable to clean the storage area: D:\pfe\osgi_platform_web\configuration\org.eclipse.osgi

!ENTRY org.eclipse.equinox.p2.core 4 0 2014-01-12 02:03:28.144
!MESSAGE Provisioning exception
!STACK 1
org.eclipse.equinox.p2.core.ProvisionException: No repository found at http://download.eclipse.org/releases/indigo/201202240900.
	at org.eclipse.equinox.internal.p2.repository.helpers.AbstractRepositoryManager.fail(AbstractRepositoryManager.java:393)
	at org.eclipse.equinox.internal.p2.repository.helpers.AbstractRepositoryManager.loadRepository(AbstractRepositoryManager.java:675)
	at org.eclipse.equinox.internal.p2.metadata.repository.MetadataRepositoryManager.loadRepository(MetadataRepositoryManager.java:96)
	at org.eclipse.equinox.internal.p2.metadata.repository.MetadataRepositoryManager.loadRepository(MetadataRepositoryManager.java:92)
	at org.eclipse.equinox.internal.p2.metadata.repository.CompositeMetadataRepository.addChild(CompositeMetadataRepository.java:165)
	at org.eclipse.equinox.internal.p2.metadata.repository.CompositeMetadataRepository.<init>(CompositeMetadataRepository.java:105)
	at org.eclipse.equinox.internal.p2.metadata.repository.CompositeMetadataRepositoryFactory.load(CompositeMetadataRepositoryFactory.java:122)
	at org.eclipse.equinox.internal.p2.metadata.repository.MetadataRepositoryManager.factoryLoad(MetadataRepositoryManager.java:57)
	at org.eclipse.equinox.internal.p2.repository.helpers.AbstractRepositoryManager.loadRepository(AbstractRepositoryManager.java:749)
	at org.eclipse.equinox.internal.p2.repository.helpers.AbstractRepositoryManager.loadRepository(AbstractRepositoryManager.java:651)
	at org.eclipse.equinox.internal.p2.metadata.repository.MetadataRepositoryManager.loadRepository(MetadataRepositoryManager.java:96)
	at org.eclipse.equinox.internal.p2.metadata.repository.MetadataRepositoryManager.loadRepository(MetadataRepositoryManager.java:92)
	at org.ece.bundles.UpdateManager.update(UpdateManager.java:175)
	at org.ece.bundles.UpdateManager.addAgentService(UpdateManager.java:50)
	at sun.reflect.NativeMethodAccessorImpl.invoke0(Native Method)
	at sun.reflect.NativeMethodAccessorImpl.invoke(Unknown Source)
	at sun.reflect.DelegatingMethodAccessorImpl.invoke(Unknown Source)
	at java.lang.reflect.Method.invoke(Unknown Source)
	at org.eclipse.equinox.internal.ds.model.ComponentReference.bind(ComponentReference.java:367)
	at org.eclipse.equinox.internal.ds.model.ServiceComponentProp.bindReference(ServiceComponentProp.java:441)
	at org.eclipse.equinox.internal.ds.model.ServiceComponentProp.bind(ServiceComponentProp.java:218)
	at org.eclipse.equinox.internal.ds.model.ServiceComponentProp.build(ServiceComponentProp.java:344)
	at org.eclipse.equinox.internal.ds.InstanceProcess.buildComponent(InstanceProcess.java:588)
	at org.eclipse.equinox.internal.ds.InstanceProcess.buildComponents(InstanceProcess.java:196)
	at org.eclipse.equinox.internal.ds.Resolver.buildNewlySatisfied(Resolver.java:441)
	at org.eclipse.equinox.internal.ds.Resolver.enableComponents(Resolver.java:213)
	at org.eclipse.equinox.internal.ds.SCRManager.performWork(SCRManager.java:800)
	at org.eclipse.equinox.internal.ds.SCRManager$QueuedJob.dispatch(SCRManager.java:767)
	at org.eclipse.equinox.internal.ds.WorkThread.run(WorkThread.java:89)
	at java.lang.Thread.run(Unknown Source)
!SUBENTRY 1 org.eclipse.equinox.p2.metadata.repository 4 1000 2014-01-12 02:03:28.146
!MESSAGE No repository found at http://download.eclipse.org/releases/indigo/201202240900.

!ENTRY org.eclipse.equinox.ds 2 0 2014-01-12 02:03:33.256
!MESSAGE [SCR - WorkThread] Timeout occurred! Thread was blocked on processing [QueuedJob] WorkPerformer: org.eclipse.equinox.internal.ds.SCRManager@5afca7cf; actionType 1

!ENTRY org.eclipse.equinox.ds 2 0 2014-01-12 02:03:33.326
!MESSAGE [SCR] Enabling components of bundle org.ece.bundles did not complete in 30000 ms 
